#
# There is insufficient memory for the Java Runtime Environment to continue.
# Native memory allocation (malloc) failed to allocate 715456 bytes for Chunk::new
# Possible reasons:
#   The system is out of physical RAM or swap space
#   The process is running with CompressedOops enabled, and the Java Heap may be blocking the growth of the native heap
# Possible solutions:
#   Reduce memory load on the system
#   Increase physical memory or swap space
#   Check if swap backing store is full
#   Decrease Java heap size (-Xmx/-Xms)
#   Decrease number of Java threads
#   Decrease Java thread stack sizes (-Xss)
#   Set larger code cache with -XX:ReservedCodeCacheSize=
#   JVM is running with Unscaled Compressed Oops mode in which the Java heap is
#     placed in the first 4GB address space. The Java Heap base address is the
#     maximum limit for the native heap growth. Please use -XX:HeapBaseMinAddress
#     to set the Java Heap base and to place the Java Heap above 4GB virtual address.
# This output file may be truncated or incomplete.
#
#  Out of Memory Error (./src/hotspot/share/memory/arena.cpp:197), pid=32000, tid=11812
#
# JRE version: OpenJDK Runtime Environment Temurin-11.0.12+7 (11.0.12+7) (build 11.0.12+7)
# Java VM: OpenJDK 64-Bit Server VM Temurin-11.0.12+7 (11.0.12+7, mixed mode, tiered, compressed oops, g1 gc, windows-amd64)
# No core dump will be written. Minidumps are not enabled by default on client versions of Windows
#

---------------  S U M M A R Y ------------

Command Line: -Xms64m -Xmx512m -Dapp.name=ltex-ls -Dapp.repo=c:\Users\metivier\.vscode\extensions\valentjn.vscode-ltex-13.1.0\lib\ltex-ls-15.2.0\lib -Dapp.home=c:\Users\metivier\.vscode\extensions\valentjn.vscode-ltex-13.1.0\lib\ltex-ls-15.2.0 -Dbasedir=c:\Users\metivier\.vscode\extensions\valentjn.vscode-ltex-13.1.0\lib\ltex-ls-15.2.0 org.bsplines.ltexls.LtexLanguageServerLauncher

Host: 12th Gen Intel(R) Core(TM) i7-12700H, 20 cores, 15G,  Windows 10 , 64 bit Build 19041 (10.0.19041.3636)
Time: Thu Dec  7 10:48:39 2023 Paris, Madrid elapsed time: 6.838788 seconds (0d 0h 0m 6s)

---------------  T H R E A D  ---------------

Current thread (0x000001c538507000):  JavaThread "C2 CompilerThread0" daemon [_thread_in_native, id=11812, stack(0x0000002183100000,0x0000002183200000)]


Current CompileTask:
C2:   6838 4116       4       org.languagetool.rules.patterns.AbstractTokenBasedRule::<init> (233 bytes)

Stack: [0x0000002183100000,0x0000002183200000]
Native frames: (J=compiled Java code, j=interpreted, Vv=VM code, C=native code)
V  [jvm.dll+0x601d0a]
V  [jvm.dll+0x78ab6e]
V  [jvm.dll+0x78c23f]
V  [jvm.dll+0x78c903]
V  [jvm.dll+0x24be68]
V  [sechost.dll+0xc219c]
V  [jvm.dll+0xc275c]
V  [jvm.dll+0x2bde24]
V  [jvm.dll+0x512bd9]
V  [jvm.dll+0x206c2e]
V  [jvm.dll+0x2045da]
V  [jvm.dll+0x1898fc]
V  [jvm.dll+0x213d67]
V  [jvm.dll+0x211f2b]
V  [jvm.dll+0x74ec19]
V  [jvm.dll+0x747c84]
V  [jvm.dll+0x600ba6]
C  [ucrtbase.dll+0x21bb2]
C  [KERNEL32.DLL+0x17344]
C  [ntdll.dll+0x526b1]


---------------  P R O C E S S  ---------------

Threads class SMR info:
_java_thread_list=0x000001c53a9f11a0, length=14, elements={
0x000001c51ebb3000, 0x000001c537643000, 0x000001c537652000, 0x000001c53765c800,
0x000001c53765d800, 0x000001c53765e800, 0x000001c538507000, 0x000001c53850c000,
0x000001c538510000, 0x000001c538597800, 0x000001c538737800, 0x000001c5391c6000,
0x000001c53c14e000, 0x000001c53da2a800
}

Java Threads: ( => current thread )
  0x000001c51ebb3000 JavaThread "main" [_thread_blocked, id=39468, stack(0x0000002182500000,0x0000002182600000)]
  0x000001c537643000 JavaThread "Reference Handler" daemon [_thread_blocked, id=38628, stack(0x0000002182c00000,0x0000002182d00000)]
  0x000001c537652000 JavaThread "Finalizer" daemon [_thread_blocked, id=23380, stack(0x0000002182d00000,0x0000002182e00000)]
  0x000001c53765c800 JavaThread "Signal Dispatcher" daemon [_thread_blocked, id=24912, stack(0x0000002182e00000,0x0000002182f00000)]
  0x000001c53765d800 JavaThread "Attach Listener" daemon [_thread_blocked, id=29900, stack(0x0000002182f00000,0x0000002183000000)]
  0x000001c53765e800 JavaThread "Service Thread" daemon [_thread_blocked, id=25716, stack(0x0000002183000000,0x0000002183100000)]
=>0x000001c538507000 JavaThread "C2 CompilerThread0" daemon [_thread_in_native, id=11812, stack(0x0000002183100000,0x0000002183200000)]
  0x000001c53850c000 JavaThread "C1 CompilerThread0" daemon [_thread_blocked, id=40672, stack(0x0000002183200000,0x0000002183300000)]
  0x000001c538510000 JavaThread "Sweeper thread" daemon [_thread_blocked, id=11964, stack(0x0000002183300000,0x0000002183400000)]
  0x000001c538597800 JavaThread "C1 CompilerThread1" daemon [_thread_blocked, id=36844, stack(0x0000002183400000,0x0000002183500000)]
  0x000001c538737800 JavaThread "Common-Cleaner" daemon [_thread_blocked, id=10100, stack(0x0000002183600000,0x0000002183700000)]
  0x000001c5391c6000 JavaThread "C1 CompilerThread2" daemon [_thread_blocked, id=32652, stack(0x0000002183900000,0x0000002183a00000)]
  0x000001c53c14e000 JavaThread "pool-2-thread-1" [_thread_in_native, id=28844, stack(0x0000002184300000,0x0000002184400000)]
  0x000001c53da2a800 JavaThread "pool-1-thread-1" [_thread_in_Java, id=26892, stack(0x0000002184500000,0x0000002184600000)]

Other Threads:
  0x000001c53764f800 VMThread "VM Thread" [stack: 0x0000002182b00000,0x0000002182c00000] [id=18060]
  0x000001c538736000 WatcherThread [stack: 0x0000002183500000,0x0000002183600000] [id=29372]
  0x000001c51ebcb000 GCTaskThread "GC Thread#0" [stack: 0x0000002182600000,0x0000002182700000] [id=576]
  0x000001c53945b800 GCTaskThread "GC Thread#1" [stack: 0x0000002183a00000,0x0000002183b00000] [id=28320]
  0x000001c53adf7800 GCTaskThread "GC Thread#2" [stack: 0x0000002183f00000,0x0000002184000000] [id=35380]
  0x000001c53c544800 GCTaskThread "GC Thread#3" [stack: 0x0000002184400000,0x0000002184500000] [id=26808]
  0x000001c53b25d800 GCTaskThread "GC Thread#4" [stack: 0x0000002184600000,0x0000002184700000] [id=39332]
  0x000001c53d37a000 GCTaskThread "GC Thread#5" [stack: 0x0000002184700000,0x0000002184800000] [id=22572]
  0x000001c51ebde000 ConcurrentGCThread "G1 Main Marker" [stack: 0x0000002182700000,0x0000002182800000] [id=8880]
  0x000001c51ebe0800 ConcurrentGCThread "G1 Conc#0" [stack: 0x0000002182800000,0x0000002182900000] [id=43716]
  0x000001c53c019800 ConcurrentGCThread "G1 Conc#1" [stack: 0x0000002183c00000,0x0000002183d00000] [id=42212]
  0x000001c53c36c800 ConcurrentGCThread "G1 Conc#2" [stack: 0x0000002183d00000,0x0000002183e00000] [id=13160]
  0x000001c53caeb000 ConcurrentGCThread "G1 Conc#3" [stack: 0x0000002183e00000,0x0000002183f00000] [id=34724]
  0x000001c5374bb800 ConcurrentGCThread "G1 Refine#0" [stack: 0x0000002182900000,0x0000002182a00000] [id=24100]
  0x000001c53aace800 ConcurrentGCThread "G1 Refine#1" [stack: 0x0000002184000000,0x0000002184100000] [id=25004]
  0x000001c53aacf000 ConcurrentGCThread "G1 Refine#2" [stack: 0x0000002184100000,0x0000002184200000] [id=26036]
  0x000001c53c12e800 ConcurrentGCThread "G1 Refine#3" [stack: 0x0000002184200000,0x0000002184300000] [id=26920]
  0x000001c539b32000 ConcurrentGCThread "G1 Refine#4" [stack: 0x0000002184800000,0x0000002184900000] [id=18392]
  0x000001c53d447800 ConcurrentGCThread "G1 Refine#5" [stack: 0x0000002183700000,0x0000002183800000] [id=19076]
  0x000001c53ac25000 ConcurrentGCThread "G1 Refine#6" [stack: 0x0000002183800000,0x0000002183900000] [id=13500]
  0x000001c5374be800 ConcurrentGCThread "G1 Young RemSet Sampling" [stack: 0x0000002182a00000,0x0000002182b00000] [id=17852]

Threads with active compile tasks:
C2 CompilerThread0   7290 4116       4       org.languagetool.rules.patterns.AbstractTokenBasedRule::<init> (233 bytes)

VM state:not at safepoint (normal execution)

VM Mutex/Monitor currently owned by a thread: None

Heap address: 0x00000000e0000000, size: 512 MB, Compressed Oops mode: 32-bit
Narrow klass base: 0x0000000000000000, Narrow klass shift: 3
Compressed class space size: 1073741824 Address: 0x0000000100000000

Heap:
 garbage-first heap   total 177152K, used 141815K [0x00000000e0000000, 0x0000000100000000)
  region size 1024K, 9 young (9216K), 1 survivors (1024K)
 Metaspace       used 29442K, capacity 29958K, committed 30080K, reserved 1075200K
  class space    used 3159K, capacity 3393K, committed 3456K, reserved 1048576K
Heap Regions: E=young(eden), S=young(survivor), O=old, HS=humongous(starts), HC=humongous(continues), CS=collection set, F=free, A=archive, TAMS=top-at-mark-start (previous, next)
|   0|0x00000000e0000000, 0x00000000e0100000, 0x00000000e0100000|100%| O|  |TAMS 0x00000000e0100000, 0x00000000e0000000| Untracked 
|   1|0x00000000e0100000, 0x00000000e0200000, 0x00000000e0200000|100%| O|  |TAMS 0x00000000e0200000, 0x00000000e0100000| Untracked 
|   2|0x00000000e0200000, 0x00000000e0300000, 0x00000000e0300000|100%| O|  |TAMS 0x00000000e0300000, 0x00000000e0200000| Untracked 
|   3|0x00000000e0300000, 0x00000000e0400000, 0x00000000e0400000|100%| O|  |TAMS 0x00000000e0400000, 0x00000000e0300000| Untracked 
|   4|0x00000000e0400000, 0x00000000e0500000, 0x00000000e0500000|100%| O|  |TAMS 0x00000000e0500000, 0x00000000e0400000| Untracked 
|   5|0x00000000e0500000, 0x00000000e0600000, 0x00000000e0600000|100%| O|  |TAMS 0x00000000e0600000, 0x00000000e0500000| Untracked 
|   6|0x00000000e0600000, 0x00000000e0700000, 0x00000000e0700000|100%| O|  |TAMS 0x00000000e0700000, 0x00000000e0600000| Untracked 
|   7|0x00000000e0700000, 0x00000000e0800000, 0x00000000e0800000|100%| O|  |TAMS 0x00000000e0800000, 0x00000000e0700000| Untracked 
|   8|0x00000000e0800000, 0x00000000e0900000, 0x00000000e0900000|100%| O|  |TAMS 0x00000000e0900000, 0x00000000e0800000| Untracked 
|   9|0x00000000e0900000, 0x00000000e0a00000, 0x00000000e0a00000|100%| O|  |TAMS 0x00000000e0a00000, 0x00000000e0900000| Untracked 
|  10|0x00000000e0a00000, 0x00000000e0b00000, 0x00000000e0b00000|100%| O|  |TAMS 0x00000000e0b00000, 0x00000000e0a00000| Untracked 
|  11|0x00000000e0b00000, 0x00000000e0c00000, 0x00000000e0c00000|100%| O|  |TAMS 0x00000000e0c00000, 0x00000000e0b00000| Untracked 
|  12|0x00000000e0c00000, 0x00000000e0d00000, 0x00000000e0d00000|100%| O|  |TAMS 0x00000000e0d00000, 0x00000000e0c00000| Untracked 
|  13|0x00000000e0d00000, 0x00000000e0e00000, 0x00000000e0e00000|100%| O|  |TAMS 0x00000000e0e00000, 0x00000000e0d00000| Untracked 
|  14|0x00000000e0e00000, 0x00000000e0f00000, 0x00000000e0f00000|100%| O|  |TAMS 0x00000000e0f00000, 0x00000000e0e00000| Untracked 
|  15|0x00000000e0f00000, 0x00000000e1000000, 0x00000000e1000000|100%| O|  |TAMS 0x00000000e1000000, 0x00000000e0f00000| Untracked 
|  16|0x00000000e1000000, 0x00000000e1100000, 0x00000000e1100000|100%| O|  |TAMS 0x00000000e1100000, 0x00000000e1000000| Untracked 
|  17|0x00000000e1100000, 0x00000000e1200000, 0x00000000e1200000|100%| O|  |TAMS 0x00000000e1200000, 0x00000000e1100000| Untracked 
|  18|0x00000000e1200000, 0x00000000e1300000, 0x00000000e1300000|100%| O|  |TAMS 0x00000000e1300000, 0x00000000e1200000| Untracked 
|  19|0x00000000e1300000, 0x00000000e1400000, 0x00000000e1400000|100%| O|  |TAMS 0x00000000e1400000, 0x00000000e1300000| Untracked 
|  20|0x00000000e1400000, 0x00000000e1500000, 0x00000000e1500000|100%| O|  |TAMS 0x00000000e1500000, 0x00000000e1400000| Untracked 
|  21|0x00000000e1500000, 0x00000000e1600000, 0x00000000e1600000|100%| O|  |TAMS 0x00000000e1600000, 0x00000000e1500000| Untracked 
|  22|0x00000000e1600000, 0x00000000e1700000, 0x00000000e1700000|100%|HS|  |TAMS 0x00000000e1700000, 0x00000000e1600000| Complete 
|  23|0x00000000e1700000, 0x00000000e1800000, 0x00000000e1800000|100%| O|  |TAMS 0x00000000e1800000, 0x00000000e1700000| Untracked 
|  24|0x00000000e1800000, 0x00000000e1900000, 0x00000000e1900000|100%| O|  |TAMS 0x00000000e1900000, 0x00000000e1800000| Untracked 
|  25|0x00000000e1900000, 0x00000000e1a00000, 0x00000000e1a00000|100%| O|  |TAMS 0x00000000e1a00000, 0x00000000e1900000| Untracked 
|  26|0x00000000e1a00000, 0x00000000e1b00000, 0x00000000e1b00000|100%| O|  |TAMS 0x00000000e1a00000, 0x00000000e1a00000| Untracked 
|  27|0x00000000e1b00000, 0x00000000e1c00000, 0x00000000e1c00000|100%| O|  |TAMS 0x00000000e1c00000, 0x00000000e1b00000| Untracked 
|  28|0x00000000e1c00000, 0x00000000e1d00000, 0x00000000e1d00000|100%| O|  |TAMS 0x00000000e1d00000, 0x00000000e1c00000| Untracked 
|  29|0x00000000e1d00000, 0x00000000e1e00000, 0x00000000e1e00000|100%| O|  |TAMS 0x00000000e1e00000, 0x00000000e1d00000| Untracked 
|  30|0x00000000e1e00000, 0x00000000e1f00000, 0x00000000e1f00000|100%| O|  |TAMS 0x00000000e1f00000, 0x00000000e1e00000| Untracked 
|  31|0x00000000e1f00000, 0x00000000e2000000, 0x00000000e2000000|100%| O|  |TAMS 0x00000000e2000000, 0x00000000e1f00000| Untracked 
|  32|0x00000000e2000000, 0x00000000e2100000, 0x00000000e2100000|100%| O|  |TAMS 0x00000000e2100000, 0x00000000e2000000| Untracked 
|  33|0x00000000e2100000, 0x00000000e2200000, 0x00000000e2200000|100%| O|  |TAMS 0x00000000e2200000, 0x00000000e2100000| Untracked 
|  34|0x00000000e2200000, 0x00000000e2300000, 0x00000000e2300000|100%| O|  |TAMS 0x00000000e2300000, 0x00000000e2200000| Untracked 
|  35|0x00000000e2300000, 0x00000000e2392e00, 0x00000000e2400000| 57%| O|  |TAMS 0x00000000e2300000, 0x00000000e2300000| Untracked 
|  36|0x00000000e2400000, 0x00000000e2500000, 0x00000000e2500000|100%| O|  |TAMS 0x00000000e2500000, 0x00000000e2400000| Untracked 
|  37|0x00000000e2500000, 0x00000000e2600000, 0x00000000e2600000|100%| O|  |TAMS 0x00000000e2600000, 0x00000000e2500000| Untracked 
|  38|0x00000000e2600000, 0x00000000e2700000, 0x00000000e2700000|100%| O|  |TAMS 0x00000000e2700000, 0x00000000e2600000| Untracked 
|  39|0x00000000e2700000, 0x00000000e2800000, 0x00000000e2800000|100%| O|  |TAMS 0x00000000e2800000, 0x00000000e2700000| Untracked 
|  40|0x00000000e2800000, 0x00000000e2900000, 0x00000000e2900000|100%| O|  |TAMS 0x00000000e2900000, 0x00000000e2800000| Untracked 
|  41|0x00000000e2900000, 0x00000000e2900000, 0x00000000e2a00000|  0%| F|  |TAMS 0x00000000e2900000, 0x00000000e2900000| Untracked 
|  42|0x00000000e2a00000, 0x00000000e2b00000, 0x00000000e2b00000|100%| O|  |TAMS 0x00000000e2b00000, 0x00000000e2a00000| Untracked 
|  43|0x00000000e2b00000, 0x00000000e2c00000, 0x00000000e2c00000|100%| O|  |TAMS 0x00000000e2c00000, 0x00000000e2b00000| Untracked 
|  44|0x00000000e2c00000, 0x00000000e2d00000, 0x00000000e2d00000|100%| O|  |TAMS 0x00000000e2d00000, 0x00000000e2c00000| Untracked 
|  45|0x00000000e2d00000, 0x00000000e2e00000, 0x00000000e2e00000|100%| O|  |TAMS 0x00000000e2e00000, 0x00000000e2d00000| Untracked 
|  46|0x00000000e2e00000, 0x00000000e2f00000, 0x00000000e2f00000|100%| O|  |TAMS 0x00000000e2f00000, 0x00000000e2e00000| Untracked 
|  47|0x00000000e2f00000, 0x00000000e3000000, 0x00000000e3000000|100%| O|  |TAMS 0x00000000e3000000, 0x00000000e2f00000| Untracked 
|  48|0x00000000e3000000, 0x00000000e3100000, 0x00000000e3100000|100%| O|  |TAMS 0x00000000e3100000, 0x00000000e3000000| Untracked 
|  49|0x00000000e3100000, 0x00000000e3200000, 0x00000000e3200000|100%| O|  |TAMS 0x00000000e3200000, 0x00000000e3100000| Untracked 
|  50|0x00000000e3200000, 0x00000000e3300000, 0x00000000e3300000|100%| O|  |TAMS 0x00000000e3300000, 0x00000000e3200000| Untracked 
|  51|0x00000000e3300000, 0x00000000e3400000, 0x00000000e3400000|100%| O|  |TAMS 0x00000000e3400000, 0x00000000e3300000| Untracked 
|  52|0x00000000e3400000, 0x00000000e3500000, 0x00000000e3500000|100%| O|  |TAMS 0x00000000e3500000, 0x00000000e3400000| Untracked 
|  53|0x00000000e3500000, 0x00000000e3600000, 0x00000000e3600000|100%| O|  |TAMS 0x00000000e3600000, 0x00000000e3500000| Untracked 
|  54|0x00000000e3600000, 0x00000000e3700000, 0x00000000e3700000|100%| O|  |TAMS 0x00000000e3700000, 0x00000000e3600000| Untracked 
|  55|0x00000000e3700000, 0x00000000e3800000, 0x00000000e3800000|100%| O|  |TAMS 0x00000000e3800000, 0x00000000e3700000| Untracked 
|  56|0x00000000e3800000, 0x00000000e3900000, 0x00000000e3900000|100%| O|  |TAMS 0x00000000e3900000, 0x00000000e3800000| Untracked 
|  57|0x00000000e3900000, 0x00000000e3a00000, 0x00000000e3a00000|100%| O|  |TAMS 0x00000000e3a00000, 0x00000000e3900000| Untracked 
|  58|0x00000000e3a00000, 0x00000000e3b00000, 0x00000000e3b00000|100%| O|  |TAMS 0x00000000e3b00000, 0x00000000e3a00000| Untracked 
|  59|0x00000000e3b00000, 0x00000000e3c00000, 0x00000000e3c00000|100%|HS|  |TAMS 0x00000000e3c00000, 0x00000000e3b00000| Complete 
|  60|0x00000000e3c00000, 0x00000000e3d00000, 0x00000000e3d00000|100%|HC|  |TAMS 0x00000000e3d00000, 0x00000000e3c00000| Complete 
|  61|0x00000000e3d00000, 0x00000000e3d00000, 0x00000000e3e00000|  0%| F|  |TAMS 0x00000000e3d00000, 0x00000000e3d00000| Untracked 
|  62|0x00000000e3e00000, 0x00000000e3f00000, 0x00000000e3f00000|100%| O|  |TAMS 0x00000000e3f00000, 0x00000000e3e00000| Untracked 
|  63|0x00000000e3f00000, 0x00000000e4000000, 0x00000000e4000000|100%| O|  |TAMS 0x00000000e4000000, 0x00000000e3f00000| Untracked 
|  64|0x00000000e4000000, 0x00000000e4000000, 0x00000000e4100000|  0%| F|  |TAMS 0x00000000e4000000, 0x00000000e4000000| Untracked 
|  65|0x00000000e4100000, 0x00000000e4200000, 0x00000000e4200000|100%| O|  |TAMS 0x00000000e4200000, 0x00000000e4100000| Untracked 
|  66|0x00000000e4200000, 0x00000000e4300000, 0x00000000e4300000|100%| O|  |TAMS 0x00000000e4300000, 0x00000000e4200000| Untracked 
|  67|0x00000000e4300000, 0x00000000e4400000, 0x00000000e4400000|100%| O|  |TAMS 0x00000000e4400000, 0x00000000e4300000| Untracked 
|  68|0x00000000e4400000, 0x00000000e4500000, 0x00000000e4500000|100%| O|  |TAMS 0x00000000e4500000, 0x00000000e4400000| Untracked 
|  69|0x00000000e4500000, 0x00000000e4600000, 0x00000000e4600000|100%| O|  |TAMS 0x00000000e4600000, 0x00000000e4500000| Untracked 
|  70|0x00000000e4600000, 0x00000000e4700000, 0x00000000e4700000|100%| O|  |TAMS 0x00000000e4700000, 0x00000000e4600000| Untracked 
|  71|0x00000000e4700000, 0x00000000e4800000, 0x00000000e4800000|100%| O|  |TAMS 0x00000000e4800000, 0x00000000e4700000| Untracked 
|  72|0x00000000e4800000, 0x00000000e4900000, 0x00000000e4900000|100%| O|  |TAMS 0x00000000e4900000, 0x00000000e4800000| Untracked 
|  73|0x00000000e4900000, 0x00000000e4a00000, 0x00000000e4a00000|100%| O|  |TAMS 0x00000000e4a00000, 0x00000000e4900000| Untracked 
|  74|0x00000000e4a00000, 0x00000000e4b00000, 0x00000000e4b00000|100%| O|  |TAMS 0x00000000e4b00000, 0x00000000e4a00000| Untracked 
|  75|0x00000000e4b00000, 0x00000000e4c00000, 0x00000000e4c00000|100%| O|  |TAMS 0x00000000e4c00000, 0x00000000e4b00000| Untracked 
|  76|0x00000000e4c00000, 0x00000000e4d00000, 0x00000000e4d00000|100%| O|  |TAMS 0x00000000e4d00000, 0x00000000e4c00000| Untracked 
|  77|0x00000000e4d00000, 0x00000000e4e00000, 0x00000000e4e00000|100%| O|  |TAMS 0x00000000e4e00000, 0x00000000e4d00000| Untracked 
|  78|0x00000000e4e00000, 0x00000000e4f00000, 0x00000000e4f00000|100%| O|  |TAMS 0x00000000e4f00000, 0x00000000e4e00000| Untracked 
|  79|0x00000000e4f00000, 0x00000000e5000000, 0x00000000e5000000|100%| O|  |TAMS 0x00000000e5000000, 0x00000000e4f00000| Untracked 
|  80|0x00000000e5000000, 0x00000000e5100000, 0x00000000e5100000|100%| O|  |TAMS 0x00000000e5100000, 0x00000000e5000000| Untracked 
|  81|0x00000000e5100000, 0x00000000e5100000, 0x00000000e5200000|  0%| F|  |TAMS 0x00000000e5100000, 0x00000000e5100000| Untracked 
|  82|0x00000000e5200000, 0x00000000e5300000, 0x00000000e5300000|100%| O|  |TAMS 0x00000000e5300000, 0x00000000e5200000| Untracked 
|  83|0x00000000e5300000, 0x00000000e5400000, 0x00000000e5400000|100%| O|  |TAMS 0x00000000e5400000, 0x00000000e5300000| Untracked 
|  84|0x00000000e5400000, 0x00000000e5500000, 0x00000000e5500000|100%| O|  |TAMS 0x00000000e5500000, 0x00000000e5400000| Untracked 
|  85|0x00000000e5500000, 0x00000000e5600000, 0x00000000e5600000|100%| O|  |TAMS 0x00000000e5600000, 0x00000000e5500000| Untracked 
|  86|0x00000000e5600000, 0x00000000e5700000, 0x00000000e5700000|100%| O|  |TAMS 0x00000000e5700000, 0x00000000e5600000| Untracked 
|  87|0x00000000e5700000, 0x00000000e5800000, 0x00000000e5800000|100%| O|  |TAMS 0x00000000e5800000, 0x00000000e5700000| Untracked 
|  88|0x00000000e5800000, 0x00000000e5900000, 0x00000000e5900000|100%| O|  |TAMS 0x00000000e5900000, 0x00000000e5800000| Untracked 
|  89|0x00000000e5900000, 0x00000000e5a00000, 0x00000000e5a00000|100%| O|  |TAMS 0x00000000e5a00000, 0x00000000e5900000| Untracked 
|  90|0x00000000e5a00000, 0x00000000e5b00000, 0x00000000e5b00000|100%| O|  |TAMS 0x00000000e5b00000, 0x00000000e5a00000| Untracked 
|  91|0x00000000e5b00000, 0x00000000e5c00000, 0x00000000e5c00000|100%| O|  |TAMS 0x00000000e5c00000, 0x00000000e5b00000| Untracked 
|  92|0x00000000e5c00000, 0x00000000e5d00000, 0x00000000e5d00000|100%| O|  |TAMS 0x00000000e5cc7400, 0x00000000e5c00000| Untracked 
|  93|0x00000000e5d00000, 0x00000000e5e00000, 0x00000000e5e00000|100%| O|  |TAMS 0x00000000e5d00000, 0x00000000e5d00000| Untracked 
|  94|0x00000000e5e00000, 0x00000000e5f00000, 0x00000000e5f00000|100%| O|  |TAMS 0x00000000e5f00000, 0x00000000e5e00000| Untracked 
|  95|0x00000000e5f00000, 0x00000000e6000000, 0x00000000e6000000|100%| O|  |TAMS 0x00000000e6000000, 0x00000000e5f00000| Untracked 
|  96|0x00000000e6000000, 0x00000000e6100000, 0x00000000e6100000|100%| O|  |TAMS 0x00000000e6100000, 0x00000000e6000000| Untracked 
|  97|0x00000000e6100000, 0x00000000e6200000, 0x00000000e6200000|100%| O|  |TAMS 0x00000000e6200000, 0x00000000e6100000| Untracked 
|  98|0x00000000e6200000, 0x00000000e6300000, 0x00000000e6300000|100%| O|  |TAMS 0x00000000e6300000, 0x00000000e6200000| Untracked 
|  99|0x00000000e6300000, 0x00000000e6400000, 0x00000000e6400000|100%| O|  |TAMS 0x00000000e6400000, 0x00000000e6300000| Untracked 
| 100|0x00000000e6400000, 0x00000000e6500000, 0x00000000e6500000|100%| O|  |TAMS 0x00000000e6500000, 0x00000000e6400000| Untracked 
| 101|0x00000000e6500000, 0x00000000e6600000, 0x00000000e6600000|100%| O|  |TAMS 0x00000000e6600000, 0x00000000e6500000| Untracked 
| 102|0x00000000e6600000, 0x00000000e6700000, 0x00000000e6700000|100%| O|  |TAMS 0x00000000e6700000, 0x00000000e6600000| Untracked 
| 103|0x00000000e6700000, 0x00000000e6800000, 0x00000000e6800000|100%| O|  |TAMS 0x00000000e6800000, 0x00000000e6700000| Untracked 
| 104|0x00000000e6800000, 0x00000000e6900000, 0x00000000e6900000|100%| O|  |TAMS 0x00000000e6900000, 0x00000000e6800000| Untracked 
| 105|0x00000000e6900000, 0x00000000e6a00000, 0x00000000e6a00000|100%| O|  |TAMS 0x00000000e6a00000, 0x00000000e6900000| Untracked 
| 106|0x00000000e6a00000, 0x00000000e6b00000, 0x00000000e6b00000|100%| O|  |TAMS 0x00000000e6b00000, 0x00000000e6a00000| Untracked 
| 107|0x00000000e6b00000, 0x00000000e6c00000, 0x00000000e6c00000|100%| O|  |TAMS 0x00000000e6c00000, 0x00000000e6b00000| Untracked 
| 108|0x00000000e6c00000, 0x00000000e6d00000, 0x00000000e6d00000|100%| O|  |TAMS 0x00000000e6d00000, 0x00000000e6c00000| Untracked 
| 109|0x00000000e6d00000, 0x00000000e6e00000, 0x00000000e6e00000|100%| O|  |TAMS 0x00000000e6e00000, 0x00000000e6d00000| Untracked 
| 110|0x00000000e6e00000, 0x00000000e6f00000, 0x00000000e6f00000|100%| O|  |TAMS 0x00000000e6f00000, 0x00000000e6e00000| Untracked 
| 111|0x00000000e6f00000, 0x00000000e7000000, 0x00000000e7000000|100%|HS|  |TAMS 0x00000000e7000000, 0x00000000e6f00000| Complete 
| 112|0x00000000e7000000, 0x00000000e7100000, 0x00000000e7100000|100%|HC|  |TAMS 0x00000000e7100000, 0x00000000e7000000| Complete 
| 113|0x00000000e7100000, 0x00000000e7200000, 0x00000000e7200000|100%| O|  |TAMS 0x00000000e7200000, 0x00000000e7100000| Untracked 
| 114|0x00000000e7200000, 0x00000000e7300000, 0x00000000e7300000|100%| O|  |TAMS 0x00000000e7300000, 0x00000000e7200000| Untracked 
| 115|0x00000000e7300000, 0x00000000e7400000, 0x00000000e7400000|100%| O|  |TAMS 0x00000000e7400000, 0x00000000e7300000| Untracked 
| 116|0x00000000e7400000, 0x00000000e7500000, 0x00000000e7500000|100%| O|  |TAMS 0x00000000e7500000, 0x00000000e7400000| Untracked 
| 117|0x00000000e7500000, 0x00000000e7600000, 0x00000000e7600000|100%| O|  |TAMS 0x00000000e7600000, 0x00000000e7500000| Untracked 
| 118|0x00000000e7600000, 0x00000000e7700000, 0x00000000e7700000|100%| O|  |TAMS 0x00000000e7700000, 0x00000000e7600000| Untracked 
| 119|0x00000000e7700000, 0x00000000e7700000, 0x00000000e7800000|  0%| F|  |TAMS 0x00000000e7700000, 0x00000000e7700000| Untracked 
| 120|0x00000000e7800000, 0x00000000e7800000, 0x00000000e7900000|  0%| F|  |TAMS 0x00000000e7800000, 0x00000000e7800000| Untracked 
| 121|0x00000000e7900000, 0x00000000e7900000, 0x00000000e7a00000|  0%| F|  |TAMS 0x00000000e7900000, 0x00000000e7900000| Untracked 
| 122|0x00000000e7a00000, 0x00000000e7b00000, 0x00000000e7b00000|100%| O|  |TAMS 0x00000000e7b00000, 0x00000000e7a00000| Untracked 
| 123|0x00000000e7b00000, 0x00000000e7c00000, 0x00000000e7c00000|100%| O|  |TAMS 0x00000000e7c00000, 0x00000000e7b00000| Untracked 
| 124|0x00000000e7c00000, 0x00000000e7d00000, 0x00000000e7d00000|100%| O|  |TAMS 0x00000000e7d00000, 0x00000000e7c00000| Untracked 
| 125|0x00000000e7d00000, 0x00000000e7d00000, 0x00000000e7e00000|  0%| F|  |TAMS 0x00000000e7d00000, 0x00000000e7d00000| Untracked 
| 126|0x00000000e7e00000, 0x00000000e7e00000, 0x00000000e7f00000|  0%| F|  |TAMS 0x00000000e7e00000, 0x00000000e7e00000| Untracked 
| 127|0x00000000e7f00000, 0x00000000e8000000, 0x00000000e8000000|100%|HS|  |TAMS 0x00000000e7f00000, 0x00000000e7f00000| Complete 
| 128|0x00000000e8000000, 0x00000000e8100000, 0x00000000e8100000|100%| O|  |TAMS 0x00000000e8000000, 0x00000000e8000000| Untracked 
| 129|0x00000000e8100000, 0x00000000e8200000, 0x00000000e8200000|100%| O|  |TAMS 0x00000000e8100000, 0x00000000e8100000| Untracked 
| 130|0x00000000e8200000, 0x00000000e8300000, 0x00000000e8300000|100%| O|  |TAMS 0x00000000e8200000, 0x00000000e8200000| Untracked 
| 131|0x00000000e8300000, 0x00000000e8400000, 0x00000000e8400000|100%| O|  |TAMS 0x00000000e8300000, 0x00000000e8300000| Untracked 
| 132|0x00000000e8400000, 0x00000000e8500000, 0x00000000e8500000|100%| O|  |TAMS 0x00000000e8500000, 0x00000000e8400000| Untracked 
| 133|0x00000000e8500000, 0x00000000e8600000, 0x00000000e8600000|100%| O|  |TAMS 0x00000000e8600000, 0x00000000e8500000| Untracked 
| 134|0x00000000e8600000, 0x00000000e8700000, 0x00000000e8700000|100%| O|  |TAMS 0x00000000e8700000, 0x00000000e8600000| Untracked 
| 135|0x00000000e8700000, 0x00000000e8700000, 0x00000000e8800000|  0%| F|  |TAMS 0x00000000e8700000, 0x00000000e8700000| Untracked 
| 136|0x00000000e8800000, 0x00000000e8900000, 0x00000000e8900000|100%| O|  |TAMS 0x00000000e8900000, 0x00000000e8800000| Untracked 
| 137|0x00000000e8900000, 0x00000000e8a00000, 0x00000000e8a00000|100%| O|  |TAMS 0x00000000e8a00000, 0x00000000e8900000| Untracked 
| 138|0x00000000e8a00000, 0x00000000e8b00000, 0x00000000e8b00000|100%| O|  |TAMS 0x00000000e8b00000, 0x00000000e8a00000| Untracked 
| 139|0x00000000e8b00000, 0x00000000e8c00000, 0x00000000e8c00000|100%| O|  |TAMS 0x00000000e8c00000, 0x00000000e8b00000| Untracked 
| 140|0x00000000e8c00000, 0x00000000e8d00000, 0x00000000e8d00000|100%| O|  |TAMS 0x00000000e8d00000, 0x00000000e8c00000| Untracked 
| 141|0x00000000e8d00000, 0x00000000e8e00000, 0x00000000e8e00000|100%| O|  |TAMS 0x00000000e8e00000, 0x00000000e8d00000| Untracked 
| 142|0x00000000e8e00000, 0x00000000e8e00000, 0x00000000e8f00000|  0%| F|  |TAMS 0x00000000e8e00000, 0x00000000e8e00000| Untracked 
| 143|0x00000000e8f00000, 0x00000000e8f00000, 0x00000000e9000000|  0%| F|  |TAMS 0x00000000e8f00000, 0x00000000e8f00000| Untracked 
| 144|0x00000000e9000000, 0x00000000e9000000, 0x00000000e9100000|  0%| F|  |TAMS 0x00000000e9000000, 0x00000000e9000000| Untracked 
| 145|0x00000000e9100000, 0x00000000e9100000, 0x00000000e9200000|  0%| F|  |TAMS 0x00000000e9100000, 0x00000000e9100000| Untracked 
| 146|0x00000000e9200000, 0x00000000e9200000, 0x00000000e9300000|  0%| F|  |TAMS 0x00000000e9200000, 0x00000000e9200000| Untracked 
| 147|0x00000000e9300000, 0x00000000e9300000, 0x00000000e9400000|  0%| F|  |TAMS 0x00000000e9300000, 0x00000000e9300000| Untracked 
| 148|0x00000000e9400000, 0x00000000e9400000, 0x00000000e9500000|  0%| F|  |TAMS 0x00000000e9400000, 0x00000000e9400000| Untracked 
| 149|0x00000000e9500000, 0x00000000e9500000, 0x00000000e9600000|  0%| F|  |TAMS 0x00000000e9500000, 0x00000000e9500000| Untracked 
| 150|0x00000000e9600000, 0x00000000e96eae10, 0x00000000e9700000| 91%| S|CS|TAMS 0x00000000e9600000, 0x00000000e9600000| Complete 
| 151|0x00000000e9700000, 0x00000000e9700000, 0x00000000e9800000|  0%| F|  |TAMS 0x00000000e9700000, 0x00000000e9700000| Untracked 
| 152|0x00000000e9800000, 0x00000000e9800000, 0x00000000e9900000|  0%| F|  |TAMS 0x00000000e9800000, 0x00000000e9800000| Untracked 
| 153|0x00000000e9900000, 0x00000000e9900000, 0x00000000e9a00000|  0%| F|  |TAMS 0x00000000e9900000, 0x00000000e9900000| Untracked 
| 154|0x00000000e9a00000, 0x00000000e9a00000, 0x00000000e9b00000|  0%| F|  |TAMS 0x00000000e9a00000, 0x00000000e9a00000| Untracked 
| 155|0x00000000e9b00000, 0x00000000e9b00000, 0x00000000e9c00000|  0%| F|  |TAMS 0x00000000e9b00000, 0x00000000e9b00000| Untracked 
| 156|0x00000000e9c00000, 0x00000000e9c00000, 0x00000000e9d00000|  0%| F|  |TAMS 0x00000000e9c00000, 0x00000000e9c00000| Untracked 
| 157|0x00000000e9d00000, 0x00000000e9d00000, 0x00000000e9e00000|  0%| F|  |TAMS 0x00000000e9d00000, 0x00000000e9d00000| Untracked 
| 158|0x00000000e9e00000, 0x00000000e9e00000, 0x00000000e9f00000|  0%| F|  |TAMS 0x00000000e9e00000, 0x00000000e9e00000| Untracked 
| 159|0x00000000e9f00000, 0x00000000e9f00000, 0x00000000ea000000|  0%| F|  |TAMS 0x00000000e9f00000, 0x00000000e9f00000| Untracked 
| 160|0x00000000ea000000, 0x00000000ea000000, 0x00000000ea100000|  0%| F|  |TAMS 0x00000000ea000000, 0x00000000ea000000| Untracked 
| 161|0x00000000ea100000, 0x00000000ea100000, 0x00000000ea200000|  0%| F|  |TAMS 0x00000000ea100000, 0x00000000ea100000| Untracked 
| 162|0x00000000ea200000, 0x00000000ea200000, 0x00000000ea300000|  0%| F|  |TAMS 0x00000000ea200000, 0x00000000ea200000| Untracked 
| 163|0x00000000ea300000, 0x00000000ea398ca8, 0x00000000ea400000| 59%| E|  |TAMS 0x00000000ea300000, 0x00000000ea300000| Complete 
| 164|0x00000000ea400000, 0x00000000ea500000, 0x00000000ea500000|100%| E|CS|TAMS 0x00000000ea400000, 0x00000000ea400000| Complete 
| 165|0x00000000ea500000, 0x00000000ea600000, 0x00000000ea600000|100%| E|CS|TAMS 0x00000000ea500000, 0x00000000ea500000| Complete 
| 166|0x00000000ea600000, 0x00000000ea700000, 0x00000000ea700000|100%| E|CS|TAMS 0x00000000ea600000, 0x00000000ea600000| Complete 
| 167|0x00000000ea700000, 0x00000000ea800000, 0x00000000ea800000|100%| E|  |TAMS 0x00000000ea700000, 0x00000000ea700000| Complete 
| 168|0x00000000ea800000, 0x00000000ea900000, 0x00000000ea900000|100%| E|CS|TAMS 0x00000000ea800000, 0x00000000ea800000| Complete 
| 169|0x00000000ea900000, 0x00000000eaa00000, 0x00000000eaa00000|100%| E|CS|TAMS 0x00000000ea900000, 0x00000000ea900000| Complete 
| 170|0x00000000eaa00000, 0x00000000eab00000, 0x00000000eab00000|100%| E|CS|TAMS 0x00000000eaa00000, 0x00000000eaa00000| Complete 
| 171|0x00000000eab00000, 0x00000000eac00000, 0x00000000eac00000|100%| E|CS|TAMS 0x00000000eab00000, 0x00000000eab00000| Complete 
| 172|0x00000000eac00000, 0x00000000ead00000, 0x00000000ead00000|100%| E|CS|TAMS 0x00000000eac00000, 0x00000000eac00000| Complete 

Card table byte_map: [0x000001c5338d0000,0x000001c5339d0000] _byte_map_base: 0x000001c5331d0000

Marking Bits (Prev, Next): (CMBitMap*) 0x000001c51ebdb328, (CMBitMap*) 0x000001c51ebdb360
 Prev Bits: [0x000001c533ad0000, 0x000001c5342d0000)
 Next Bits: [0x000001c5342d0000, 0x000001c534ad0000)

Polling page: 0x000001c51c300000

Metaspace:

Usage:
  Non-class:     25.94 MB capacity,    25.67 MB ( 99%) used,   219.86 KB ( <1%) free+waste,    61.88 KB ( <1%) overhead. 
      Class:      3.31 MB capacity,     3.09 MB ( 93%) used,   207.16 KB (  6%) free+waste,    26.56 KB ( <1%) overhead. 
       Both:     29.26 MB capacity,    28.75 MB ( 98%) used,   427.02 KB (  1%) free+waste,    88.44 KB ( <1%) overhead. 

Virtual space:
  Non-class space:       26.00 MB reserved,      26.00 MB (100%) committed 
      Class space:        1.00 GB reserved,       3.38 MB ( <1%) committed 
             Both:        1.03 GB reserved,      29.38 MB (  3%) committed 

Chunk freelists:
   Non-Class:  59.00 KB
       Class:  0 bytes
        Both:  59.00 KB

MaxMetaspaceSize: 17179869184.00 GB
CompressedClassSpaceSize: 1.00 GB
Initial GC threshold: 20.80 MB
Current GC threshold: 48.34 MB
CDS: off

CodeHeap 'non-profiled nmethods': size=119168Kb used=3391Kb max_used=3391Kb free=115776Kb
 bounds [0x000001c52b8d0000, 0x000001c52bc20000, 0x000001c532d30000]
CodeHeap 'profiled nmethods': size=119168Kb used=9669Kb max_used=9669Kb free=109499Kb
 bounds [0x000001c524470000, 0x000001c524df0000, 0x000001c52b8d0000]
CodeHeap 'non-nmethods': size=7424Kb used=2379Kb max_used=2988Kb free=5044Kb
 bounds [0x000001c523d30000, 0x000001c524030000, 0x000001c524470000]
 total_blobs=4686 nmethods=4159 adapters=437
 compilation: enabled
              stopped_count=0, restarted_count=0
 full_count=0

Compilation events (20 events):
Event: 6.731 Thread 0x000001c538597800 nmethod 4077 0x000001c524d72190 code [0x000001c524d72fa0, 0x000001c524d7bdc8]
Event: 6.733 Thread 0x000001c5391c6000 nmethod 4078 0x000001c524d7e890 code [0x000001c524d7f780, 0x000001c524d88f88]
Event: 6.736 Thread 0x000001c53850c000 4091       1       org.languagetool.rules.patterns.PatternToken$RareFields::access$200 (5 bytes)
Event: 6.736 Thread 0x000001c53850c000 nmethod 4091 0x000001c52bc14a10 code [0x000001c52bc14bc0, 0x000001c52bc14c58]
Event: 6.747 Thread 0x000001c53850c000 4110       3       java.lang.invoke.DirectMethodHandle$Holder::invokeStatic (14 bytes)
Event: 6.747 Thread 0x000001c53850c000 nmethod 4110 0x000001c524d8b810 code [0x000001c524d8b9e0, 0x000001c524d8bd38]
Event: 6.771 Thread 0x000001c538507000 nmethod 4076 0x000001c52bc14d10 code [0x000001c52bc14f60, 0x000001c52bc16670]
Event: 6.772 Thread 0x000001c538507000 4088       4       org.languagetool.tools.StringTools::trimWhitespace (137 bytes)
Event: 6.786 Thread 0x000001c53850c000 4133   !   2       com.sun.org.apache.xerces.internal.parsers.AbstractSAXParser::startGeneralEntity (76 bytes)
Event: 6.786 Thread 0x000001c53850c000 nmethod 4133 0x000001c524d8be90 code [0x000001c524d8c080, 0x000001c524d8c3f8]
Event: 6.788 Thread 0x000001c538507000 nmethod 4088 0x000001c52bc17090 code [0x000001c52bc172a0, 0x000001c52bc17e28]
Event: 6.788 Thread 0x000001c538507000 4116       4       org.languagetool.rules.patterns.AbstractTokenBasedRule::<init> (233 bytes)
Event: 6.791 Thread 0x000001c538597800 4136       2       java.util.stream.DistinctOps$1$2::accept (35 bytes)
Event: 6.791 Thread 0x000001c538597800 nmethod 4136 0x000001c524d8c690 code [0x000001c524d8c860, 0x000001c524d8ca08]
Event: 6.799 Thread 0x000001c5391c6000 4137       2       org.languagetool.AnalyzedToken::<init> (76 bytes)
Event: 6.799 Thread 0x000001c538597800 4138       2       java.util.stream.SpinedBuffer::ensureCapacity (138 bytes)
Event: 6.800 Thread 0x000001c53850c000 4139       2       org.languagetool.tagging.disambiguation.rules.DisambiguationRuleHandler::addNewWord (43 bytes)
Event: 6.800 Thread 0x000001c5391c6000 nmethod 4137 0x000001c524d8cb10 code [0x000001c524d8cd00, 0x000001c524d8d128]
Event: 6.800 Thread 0x000001c53850c000 nmethod 4139 0x000001c524d8d290 code [0x000001c524d8d460, 0x000001c524d8d758]
Event: 6.800 Thread 0x000001c538597800 nmethod 4138 0x000001c524d8d890 code [0x000001c524d8dac0, 0x000001c524d8e468]

GC Heap History (20 events):
Event: 5.633 GC heap before
{Heap before GC invocations=26 (full 0):
 garbage-first heap   total 128000K, used 90614K [0x00000000e0000000, 0x0000000100000000)
  region size 1024K, 6 young (6144K), 3 survivors (3072K)
 Metaspace       used 28625K, capacity 29110K, committed 29184K, reserved 1075200K
  class space    used 3067K, capacity 3281K, committed 3328K, reserved 1048576K
}
Event: 5.643 GC heap after
{Heap after GC invocations=27 (full 0):
 garbage-first heap   total 128000K, used 82940K [0x00000000e0000000, 0x0000000100000000)
  region size 1024K, 1 young (1024K), 1 survivors (1024K)
 Metaspace       used 28625K, capacity 29110K, committed 29184K, reserved 1075200K
  class space    used 3067K, capacity 3281K, committed 3328K, reserved 1048576K
}
Event: 5.697 GC heap before
{Heap before GC invocations=27 (full 0):
 garbage-first heap   total 128000K, used 88060K [0x00000000e0000000, 0x0000000100000000)
  region size 1024K, 6 young (6144K), 1 survivors (1024K)
 Metaspace       used 28743K, capacity 29250K, committed 29440K, reserved 1075200K
  class space    used 3083K, capacity 3285K, committed 3328K, reserved 1048576K
}
Event: 5.703 GC heap after
{Heap after GC invocations=28 (full 0):
 garbage-first heap   total 146432K, used 83451K [0x00000000e0000000, 0x0000000100000000)
  region size 1024K, 1 young (1024K), 1 survivors (1024K)
 Metaspace       used 28743K, capacity 29250K, committed 29440K, reserved 1075200K
  class space    used 3083K, capacity 3285K, committed 3328K, reserved 1048576K
}
Event: 5.815 GC heap before
{Heap before GC invocations=28 (full 0):
 garbage-first heap   total 146432K, used 108027K [0x00000000e0000000, 0x0000000100000000)
  region size 1024K, 26 young (26624K), 1 survivors (1024K)
 Metaspace       used 28747K, capacity 29250K, committed 29440K, reserved 1075200K
  class space    used 3083K, capacity 3285K, committed 3328K, reserved 1048576K
}
Event: 5.818 GC heap after
{Heap after GC invocations=29 (full 0):
 garbage-first heap   total 146432K, used 87432K [0x00000000e0000000, 0x0000000100000000)
  region size 1024K, 4 young (4096K), 4 survivors (4096K)
 Metaspace       used 28747K, capacity 29250K, committed 29440K, reserved 1075200K
  class space    used 3083K, capacity 3285K, committed 3328K, reserved 1048576K
}
Event: 6.064 GC heap before
{Heap before GC invocations=29 (full 0):
 garbage-first heap   total 146432K, used 122248K [0x00000000e0000000, 0x0000000100000000)
  region size 1024K, 28 young (28672K), 4 survivors (4096K)
 Metaspace       used 28747K, capacity 29250K, committed 29440K, reserved 1075200K
  class space    used 3083K, capacity 3285K, committed 3328K, reserved 1048576K
}
Event: 6.071 GC heap after
{Heap after GC invocations=30 (full 0):
 garbage-first heap   total 146432K, used 103907K [0x00000000e0000000, 0x0000000100000000)
  region size 1024K, 4 young (4096K), 4 survivors (4096K)
 Metaspace       used 28747K, capacity 29250K, committed 29440K, reserved 1075200K
  class space    used 3083K, capacity 3285K, committed 3328K, reserved 1048576K
}
Event: 6.299 GC heap before
{Heap before GC invocations=30 (full 0):
 garbage-first heap   total 146432K, used 128483K [0x00000000e0000000, 0x0000000100000000)
  region size 1024K, 16 young (16384K), 4 survivors (4096K)
 Metaspace       used 28760K, capacity 29250K, committed 29440K, reserved 1075200K
  class space    used 3085K, capacity 3285K, committed 3328K, reserved 1048576K
}
Event: 6.314 GC heap after
{Heap after GC invocations=31 (full 0):
 garbage-first heap   total 146432K, used 122707K [0x00000000e0000000, 0x0000000100000000)
  region size 1024K, 2 young (2048K), 2 survivors (2048K)
 Metaspace       used 28760K, capacity 29250K, committed 29440K, reserved 1075200K
  class space    used 3085K, capacity 3285K, committed 3328K, reserved 1048576K
}
Event: 6.409 GC heap before
{Heap before GC invocations=31 (full 0):
 garbage-first heap   total 146432K, used 128851K [0x00000000e0000000, 0x0000000100000000)
  region size 1024K, 7 young (7168K), 2 survivors (2048K)
 Metaspace       used 28760K, capacity 29250K, committed 29440K, reserved 1075200K
  class space    used 3085K, capacity 3285K, committed 3328K, reserved 1048576K
}
Event: 6.417 GC heap after
{Heap after GC invocations=32 (full 0):
 garbage-first heap   total 146432K, used 129404K [0x00000000e0000000, 0x0000000100000000)
  region size 1024K, 1 young (1024K), 1 survivors (1024K)
 Metaspace       used 28760K, capacity 29250K, committed 29440K, reserved 1075200K
  class space    used 3085K, capacity 3285K, committed 3328K, reserved 1048576K
}
Event: 6.553 GC heap before
{Heap before GC invocations=33 (full 0):
 garbage-first heap   total 146432K, used 128380K [0x00000000e0000000, 0x0000000100000000)
  region size 1024K, 7 young (7168K), 1 survivors (1024K)
 Metaspace       used 28760K, capacity 29250K, committed 29440K, reserved 1075200K
  class space    used 3085K, capacity 3285K, committed 3328K, reserved 1048576K
}
Event: 6.558 GC heap after
{Heap after GC invocations=34 (full 0):
 garbage-first heap   total 161792K, used 127202K [0x00000000e0000000, 0x0000000100000000)
  region size 1024K, 1 young (1024K), 1 survivors (1024K)
 Metaspace       used 28760K, capacity 29250K, committed 29440K, reserved 1075200K
  class space    used 3085K, capacity 3285K, committed 3328K, reserved 1048576K
}
Event: 6.651 GC heap before
{Heap before GC invocations=34 (full 0):
 garbage-first heap   total 161792K, used 139490K [0x00000000e0000000, 0x0000000100000000)
  region size 1024K, 7 young (7168K), 1 survivors (1024K)
 Metaspace       used 28760K, capacity 29250K, committed 29440K, reserved 1075200K
  class space    used 3085K, capacity 3285K, committed 3328K, reserved 1048576K
}
Event: 6.665 GC heap after
{Heap after GC invocations=35 (full 0):
 garbage-first heap   total 161792K, used 132891K [0x00000000e0000000, 0x0000000100000000)
  region size 1024K, 1 young (1024K), 1 survivors (1024K)
 Metaspace       used 28760K, capacity 29250K, committed 29440K, reserved 1075200K
  class space    used 3085K, capacity 3285K, committed 3328K, reserved 1048576K
}
Event: 6.753 GC heap before
{Heap before GC invocations=35 (full 0):
 garbage-first heap   total 161792K, used 141083K [0x00000000e0000000, 0x0000000100000000)
  region size 1024K, 7 young (7168K), 1 survivors (1024K)
 Metaspace       used 29053K, capacity 29480K, committed 29696K, reserved 1075200K
  class space    used 3118K, capacity 3319K, committed 3328K, reserved 1048576K
}
Event: 6.759 GC heap after
{Heap after GC invocations=36 (full 0):
 garbage-first heap   total 161792K, used 137095K [0x00000000e0000000, 0x0000000100000000)
  region size 1024K, 1 young (1024K), 1 survivors (1024K)
 Metaspace       used 29053K, capacity 29480K, committed 29696K, reserved 1075200K
  class space    used 3118K, capacity 3319K, committed 3328K, reserved 1048576K
}
Event: 6.793 GC heap before
{Heap before GC invocations=36 (full 0):
 garbage-first heap   total 161792K, used 143239K [0x00000000e0000000, 0x0000000100000000)
  region size 1024K, 7 young (7168K), 1 survivors (1024K)
 Metaspace       used 29053K, capacity 29480K, committed 29696K, reserved 1075200K
  class space    used 3118K, capacity 3319K, committed 3328K, reserved 1048576K
}
Event: 6.797 GC heap after
{Heap after GC invocations=37 (full 0):
 garbage-first heap   total 161792K, used 138901K [0x00000000e0000000, 0x0000000100000000)
  region size 1024K, 1 young (1024K), 1 survivors (1024K)
 Metaspace       used 29053K, capacity 29480K, committed 29696K, reserved 1075200K
  class space    used 3118K, capacity 3319K, committed 3328K, reserved 1048576K
}

Deoptimization events (20 events):
Event: 6.743 Thread 0x000001c53da2a800 Uncommon trap: trap_request=0xffffffbe fr.pc=0x000001c52bbb0104 relative=0x0000000000000ea4
Event: 6.743 Thread 0x000001c53da2a800 Uncommon trap: reason=profile_predicate action=maybe_recompile pc=0x000001c52bbb0104 method=com.sun.org.apache.xerces.internal.impl.XMLDocumentFragmentScannerImpl.scanDocument(Z)Z @ 13 c2
Event: 6.743 Thread 0x000001c53da2a800 DEOPT PACKING pc=0x000001c52bbb0104 sp=0x00000021845fdd60
Event: 6.743 Thread 0x000001c53da2a800 DEOPT UNPACKING pc=0x000001c523d7a1af sp=0x00000021845fdd40 mode 2
Event: 6.744 Thread 0x000001c53da2a800 Uncommon trap: trap_request=0xffffffbe fr.pc=0x000001c52bbb0104 relative=0x0000000000000ea4
Event: 6.744 Thread 0x000001c53da2a800 Uncommon trap: reason=profile_predicate action=maybe_recompile pc=0x000001c52bbb0104 method=com.sun.org.apache.xerces.internal.impl.XMLDocumentFragmentScannerImpl.scanDocument(Z)Z @ 13 c2
Event: 6.744 Thread 0x000001c53da2a800 DEOPT PACKING pc=0x000001c52bbb0104 sp=0x00000021845fdd60
Event: 6.744 Thread 0x000001c53da2a800 DEOPT UNPACKING pc=0x000001c523d7a1af sp=0x00000021845fdd40 mode 2
Event: 6.745 Thread 0x000001c53da2a800 Uncommon trap: trap_request=0xffffffbe fr.pc=0x000001c52bbb0104 relative=0x0000000000000ea4
Event: 6.745 Thread 0x000001c53da2a800 Uncommon trap: reason=profile_predicate action=maybe_recompile pc=0x000001c52bbb0104 method=com.sun.org.apache.xerces.internal.impl.XMLDocumentFragmentScannerImpl.scanDocument(Z)Z @ 13 c2
Event: 6.745 Thread 0x000001c53da2a800 DEOPT PACKING pc=0x000001c52bbb0104 sp=0x00000021845fdd60
Event: 6.745 Thread 0x000001c53da2a800 DEOPT UNPACKING pc=0x000001c523d7a1af sp=0x00000021845fdd40 mode 2
Event: 6.791 Thread 0x000001c53da2a800 Uncommon trap: trap_request=0xffffff4d fr.pc=0x000001c52bae89c8 relative=0x00000000000014c8
Event: 6.791 Thread 0x000001c53da2a800 Uncommon trap: reason=unstable_if action=reinterpret pc=0x000001c52bae89c8 method=java.util.stream.SpinedBuffer.accept(Ljava/lang/Object;)V @ 27 c2
Event: 6.791 Thread 0x000001c53da2a800 DEOPT PACKING pc=0x000001c52bae89c8 sp=0x00000021845fd510
Event: 6.791 Thread 0x000001c53da2a800 DEOPT UNPACKING pc=0x000001c523d7a1af sp=0x00000021845fd408 mode 2
Event: 6.791 Thread 0x000001c53da2a800 Uncommon trap: trap_request=0xffffff4d fr.pc=0x000001c52ba6b22c relative=0x000000000000084c
Event: 6.791 Thread 0x000001c53da2a800 Uncommon trap: reason=unstable_if action=reinterpret pc=0x000001c52ba6b22c method=java.util.stream.SpinedBuffer.ensureCapacity(J)V @ 36 c2
Event: 6.791 Thread 0x000001c53da2a800 DEOPT PACKING pc=0x000001c52ba6b22c sp=0x00000021845fd340
Event: 6.791 Thread 0x000001c53da2a800 DEOPT UNPACKING pc=0x000001c523d7a1af sp=0x00000021845fd308 mode 2

Classes redefined (0 events):
No events

Internal exceptions (20 events):
Event: 1.035 Thread 0x000001c51ebb3000 Exception <a 'java/lang/NoSuchMethodError'{0x00000000e3924500}: 'java.lang.Object java.lang.invoke.DirectMethodHandle$Holder.invokeStatic(java.lang.Object, java.lang.Object, java.lang.Object, java.lang.Object, java.lang.Object, java.lang.Object, java.lang.Object, java.lang.Object, java.lang.Object, java.lang.Object, java.lang.Object, java.lang.Object, java.lang.Object, java.lang.Object, java.lang.Object, java.lang.Object)'> (0x00000000e3924500) thrown at [./src/hotspot/share/interpreter/linkResolver.cpp, l
Event: 1.037 Thread 0x000001c51ebb3000 Exception <a 'java/lang/NoSuchMethodError'{0x00000000e3932508}: 'java.lang.Object java.lang.invoke.DirectMethodHandle$Holder.invokeSpecial(java.lang.Object, java.lang.Object, int, int, java.lang.Object, java.lang.Object, java.lang.Object)'> (0x00000000e3932508) thrown at [./src/hotspot/share/interpreter/linkResolver.cpp, line 773]
Event: 1.037 Thread 0x000001c51ebb3000 Exception <a 'java/lang/NoSuchMethodError'{0x00000000e3935a98}: 'java.lang.Object java.lang.invoke.DelegatingMethodHandle$Holder.reinvoke_L(java.lang.Object, int, int, java.lang.Object, java.lang.Object, java.lang.Object)'> (0x00000000e3935a98) thrown at [./src/hotspot/share/interpreter/linkResolver.cpp, line 773]
Event: 1.038 Thread 0x000001c51ebb3000 Exception <a 'java/lang/NoSuchMethodError'{0x00000000e3939e20}: 'java.lang.Object java.lang.invoke.DirectMethodHandle$Holder.invokeStatic(java.lang.Object, java.lang.Object, java.lang.Object, java.lang.Object, int)'> (0x00000000e3939e20) thrown at [./src/hotspot/share/interpreter/linkResolver.cpp, line 773]
Event: 1.113 Thread 0x000001c51ebb3000 Exception <a 'java/lang/ClassNotFoundException'{0x00000000e3875128}: com/sun/org/apache/xerces/internal/impl/xpath/regex/spi/messageProvider> (0x00000000e3875128) thrown at [./src/hotspot/share/classfile/systemDictionary.cpp, line 231]
Event: 1.363 Thread 0x000001c51ebb3000 Exception <a 'java/lang/NoSuchMethodError'{0x00000000e2aec010}: 'java.lang.Object java.lang.invoke.DirectMethodHandle$Holder.invokeVirtual(java.lang.Object, java.lang.Object, java.lang.Object, java.lang.Object)'> (0x00000000e2aec010) thrown at [./src/hotspot/share/interpreter/linkResolver.cpp, line 773]
Event: 1.520 Thread 0x000001c51ebb3000 Exception <a 'java/lang/NoSuchMethodError'{0x00000000e37a8330}: 'int java.lang.invoke.DirectMethodHandle$Holder.invokeVirtual(java.lang.Object, java.lang.Object, java.lang.Object)'> (0x00000000e37a8330) thrown at [./src/hotspot/share/interpreter/linkResolver.cpp, line 773]
Event: 1.521 Thread 0x000001c51ebb3000 Exception <a 'java/lang/NoSuchMethodError'{0x00000000e37ae298}: 'java.lang.Object java.lang.invoke.DirectMethodHandle$Holder.invokeVirtual(java.lang.Object, java.lang.Object, java.lang.Object)'> (0x00000000e37ae298) thrown at [./src/hotspot/share/interpreter/linkResolver.cpp, line 773]
Event: 4.654 Thread 0x000001c51ebb3000 Exception <a 'java/lang/NoSuchMethodError'{0x00000000e6509730}: 'void java.lang.invoke.DirectMethodHandle$Holder.invokeSpecial(java.lang.Object, java.lang.Object, java.lang.Object, java.lang.Object)'> (0x00000000e6509730) thrown at [./src/hotspot/share/interpreter/linkResolver.cpp, line 773]
Event: 4.780 Thread 0x000001c53c14e000 Exception <a 'java/lang/NoSuchMethodError'{0x00000000e7a54f48}: 'java.lang.Object java.lang.invoke.DirectMethodHandle$Holder.invokeStatic(java.lang.Object, int, java.lang.Object)'> (0x00000000e7a54f48) thrown at [./src/hotspot/share/interpreter/linkResolver.cpp, line 773]
Event: 4.785 Thread 0x000001c53c14e000 Exception <a 'java/lang/ClassNotFoundException'{0x00000000e7a686d8}: sun/util/logging/resources/spi/loggingProvider> (0x00000000e7a686d8) thrown at [./src/hotspot/share/classfile/systemDictionary.cpp, line 231]
Event: 4.860 Thread 0x000001c53da2a800 Exception <a 'java/lang/NoSuchMethodError'{0x00000000e760a3d8}: 'int java.lang.invoke.DirectMethodHandle$Holder.invokeSpecialIFC(java.lang.Object, java.lang.Object, java.lang.Object, java.lang.Object)'> (0x00000000e760a3d8) thrown at [./src/hotspot/share/interpreter/linkResolver.cpp, line 773]
Event: 4.938 Thread 0x000001c53da2a800 Implicit null exception at 0x000001c52ba9aa9a to 0x000001c52ba9bb68
Event: 5.169 Thread 0x000001c53da2a800 Exception <a 'java/lang/NoSuchMethodError'{0x00000000e77f30b8}: 'int java.lang.invoke.DirectMethodHandle$Holder.invokeStaticInit(java.lang.Object, int)'> (0x00000000e77f30b8) thrown at [./src/hotspot/share/interpreter/linkResolver.cpp, line 773]
Event: 5.182 Thread 0x000001c53da2a800 Exception <a 'java/lang/NoSuchMethodError'{0x00000000e766edd8}: 'void java.lang.invoke.DirectMethodHandle$Holder.invokeStaticInit(java.lang.Object, java.lang.Object, java.lang.Object)'> (0x00000000e766edd8) thrown at [./src/hotspot/share/interpreter/linkResolver.cpp, line 773]
Event: 5.215 Thread 0x000001c53da2a800 Exception <a 'java/lang/NoSuchMethodError'{0x00000000e7448380}: 'java.lang.Object java.lang.invoke.DirectMethodHandle$Holder.newInvokeSpecial(java.lang.Object, java.lang.Object, java.lang.Object, java.lang.Object, java.lang.Object, java.lang.Object, java.lang.Object)'> (0x00000000e7448380) thrown at [./src/hotspot/share/interpreter/linkResolver.cpp, line 773]
Event: 5.235 Thread 0x000001c53da2a800 Exception <a 'java/lang/NoSuchMethodError'{0x00000000e73021a8}: 'int java.lang.invoke.DirectMethodHandle$Holder.invokeStatic(java.lang.Object, int, int, int, int)'> (0x00000000e73021a8) thrown at [./src/hotspot/share/interpreter/linkResolver.cpp, line 773]
Event: 5.235 Thread 0x000001c53da2a800 Exception <a 'java/lang/NoSuchMethodError'{0x00000000e7307eb8}: 'java.lang.Object java.lang.invoke.DirectMethodHandle$Holder.invokeStatic(java.lang.Object, int, int, int)'> (0x00000000e7307eb8) thrown at [./src/hotspot/share/interpreter/linkResolver.cpp, line 773]
Event: 6.691 Thread 0x000001c53da2a800 Implicit null exception at 0x000001c52b994a14 to 0x000001c52b995008
Event: 6.691 Thread 0x000001c53da2a800 Implicit null exception at 0x000001c52b944b14 to 0x000001c52b9450d8

Events (20 events):
Event: 6.707 loading class org/languagetool/tagging/disambiguation/MultiWordChunker
Event: 6.707 loading class org/languagetool/tagging/disambiguation/MultiWordChunker done
Event: 6.708 loading class org/languagetool/tagging/disambiguation/rules/XmlRuleDisambiguator
Event: 6.708 loading class org/languagetool/tagging/disambiguation/rules/XmlRuleDisambiguator done
Event: 6.709 loading class org/languagetool/tagging/disambiguation/rules/DisambiguationRuleLoader
Event: 6.709 loading class org/languagetool/tagging/disambiguation/rules/DisambiguationRuleLoader done
Event: 6.709 loading class org/languagetool/tagging/disambiguation/rules/DisambiguationRuleHandler
Event: 6.709 loading class org/languagetool/tagging/disambiguation/rules/DisambiguationRuleHandler done
Event: 6.714 loading class org/languagetool/rules/patterns/EquivalenceTypeLocator
Event: 6.714 loading class org/languagetool/rules/patterns/EquivalenceTypeLocator done
Event: 6.715 loading class org/languagetool/tagging/disambiguation/rules/DisambiguatedExample
Event: 6.715 loading class org/languagetool/tagging/disambiguation/rules/DisambiguatedExample done
Event: 6.720 loading class org/languagetool/rules/en/NoDisambiguationEnglishPartialPosTagFilter
Event: 6.720 loading class org/languagetool/rules/en/NoDisambiguationEnglishPartialPosTagFilter done
Event: 6.721 loading class org/languagetool/rules/PartialPosTagFilter
Event: 6.721 loading class org/languagetool/rules/PartialPosTagFilter done
Event: 6.753 Executing VM operation: G1CollectForAllocation
Event: 6.759 Executing VM operation: G1CollectForAllocation done
Event: 6.793 Executing VM operation: G1CollectForAllocation
Event: 6.797 Executing VM operation: G1CollectForAllocation done


Dynamic libraries:
0x00007ff724ee0000 - 0x00007ff724eed000 	c:\Users\metivier\.vscode\extensions\valentjn.vscode-ltex-13.1.0\lib\ltex-ls-15.2.0\jdk-11.0.12+7\bin\java.exe
0x00007ffc425d0000 - 0x00007ffc427c8000 	C:\Windows\SYSTEM32\ntdll.dll
0x00007ffc424d0000 - 0x00007ffc4258d000 	C:\Windows\System32\KERNEL32.DLL
0x00007ffc3fe40000 - 0x00007ffc40136000 	C:\Windows\System32\KERNELBASE.dll
0x00007ffc3fd40000 - 0x00007ffc3fe40000 	C:\Windows\System32\ucrtbase.dll
0x00007ffc18750000 - 0x00007ffc18765000 	c:\Users\metivier\.vscode\extensions\valentjn.vscode-ltex-13.1.0\lib\ltex-ls-15.2.0\jdk-11.0.12+7\bin\VCRUNTIME140.dll
0x00007ffc18770000 - 0x00007ffc18787000 	c:\Users\metivier\.vscode\extensions\valentjn.vscode-ltex-13.1.0\lib\ltex-ls-15.2.0\jdk-11.0.12+7\bin\jli.dll
0x00007ffc420e0000 - 0x00007ffc4227e000 	C:\Windows\System32\USER32.dll
0x00007ffc40600000 - 0x00007ffc40622000 	C:\Windows\System32\win32u.dll
0x00007ffc41b40000 - 0x00007ffc41b6c000 	C:\Windows\System32\GDI32.dll
0x00007ffc26070000 - 0x00007ffc2630a000 	C:\Windows\WinSxS\amd64_microsoft.windows.common-controls_6595b64144ccf1df_6.0.19041.3636_none_60b6a03d71f818d5\COMCTL32.dll
0x00007ffc40c70000 - 0x00007ffc40d0e000 	C:\Windows\System32\msvcrt.dll
0x00007ffc404e0000 - 0x00007ffc405fa000 	C:\Windows\System32\gdi32full.dll
0x00007ffc40170000 - 0x00007ffc4020d000 	C:\Windows\System32\msvcp_win.dll
0x00007ffc40c40000 - 0x00007ffc40c70000 	C:\Windows\System32\IMM32.DLL
0x00007ffc2ea10000 - 0x00007ffc2eb7b000 	C:\Windows\system32\tmumh\20019\AddOn\8.55.0.1129\TmUmEvt64.dll
0x00007ffc41da0000 - 0x00007ffc41da8000 	C:\Windows\System32\PSAPI.DLL
0x00007ffc40d20000 - 0x00007ffc40dcf000 	C:\Windows\System32\ADVAPI32.dll
0x00007ffc42430000 - 0x00007ffc424cc000 	C:\Windows\System32\sechost.dll
0x00007ffc41db0000 - 0x00007ffc41ed6000 	C:\Windows\System32\RPCRT4.dll
0x00000000554a0000 - 0x0000000055613000 	C:\Windows\system32\tmumh\20019\TmMon\2.9.0.1048\tmmon64.dll
0x00007ffb83620000 - 0x00007ffb836bb000 	c:\Users\metivier\.vscode\extensions\valentjn.vscode-ltex-13.1.0\lib\ltex-ls-15.2.0\jdk-11.0.12+7\bin\msvcp140.dll
0x00007ffaf2c60000 - 0x00007ffaf37b9000 	c:\Users\metivier\.vscode\extensions\valentjn.vscode-ltex-13.1.0\lib\ltex-ls-15.2.0\jdk-11.0.12+7\bin\server\jvm.dll
0x00007ffbe04b0000 - 0x00007ffbe04b9000 	C:\Windows\SYSTEM32\WSOCK32.dll
0x00007ffc41ad0000 - 0x00007ffc41b3b000 	C:\Windows\System32\WS2_32.dll
0x00007ffc32a70000 - 0x00007ffc32a97000 	C:\Windows\SYSTEM32\WINMM.dll
0x00007ffc36bf0000 - 0x00007ffc36bfa000 	C:\Windows\SYSTEM32\VERSION.dll
0x00007ffc3e2f0000 - 0x00007ffc3e302000 	C:\Windows\SYSTEM32\kernel.appcore.dll
0x00007ffc209f0000 - 0x00007ffc20a00000 	c:\Users\metivier\.vscode\extensions\valentjn.vscode-ltex-13.1.0\lib\ltex-ls-15.2.0\jdk-11.0.12+7\bin\verify.dll
0x00007ffc3d7c0000 - 0x00007ffc3d9a4000 	C:\Windows\SYSTEM32\DBGHELP.DLL
0x00007ffc28b50000 - 0x00007ffc28b84000 	C:\Windows\SYSTEM32\dbgcore.DLL
0x00007ffc3fcb0000 - 0x00007ffc3fd32000 	C:\Windows\System32\bcryptPrimitives.dll
0x00007ffbf96e0000 - 0x00007ffbf9708000 	c:\Users\metivier\.vscode\extensions\valentjn.vscode-ltex-13.1.0\lib\ltex-ls-15.2.0\jdk-11.0.12+7\bin\java.dll
0x00007ffc188b0000 - 0x00007ffc188ba000 	c:\Users\metivier\.vscode\extensions\valentjn.vscode-ltex-13.1.0\lib\ltex-ls-15.2.0\jdk-11.0.12+7\bin\jimage.dll
0x00007ffc042c0000 - 0x00007ffc042d7000 	c:\Users\metivier\.vscode\extensions\valentjn.vscode-ltex-13.1.0\lib\ltex-ls-15.2.0\jdk-11.0.12+7\bin\zip.dll
0x00007ffc41380000 - 0x00007ffc41ac4000 	C:\Windows\System32\SHELL32.dll
0x00007ffc3db40000 - 0x00007ffc3e2db000 	C:\Windows\SYSTEM32\windows.storage.dll
0x00007ffc40690000 - 0x00007ffc409e4000 	C:\Windows\System32\combase.dll
0x00007ffc3f610000 - 0x00007ffc3f63d000 	C:\Windows\SYSTEM32\Wldp.dll
0x00007ffc41ee0000 - 0x00007ffc41f8d000 	C:\Windows\System32\SHCORE.dll
0x00007ffc40630000 - 0x00007ffc40685000 	C:\Windows\System32\shlwapi.dll
0x00007ffc3fbe0000 - 0x00007ffc3fc05000 	C:\Windows\SYSTEM32\profapi.dll
0x00007ffc01ae0000 - 0x00007ffc01af9000 	C:\Users\metivier\.vscode\extensions\valentjn.vscode-ltex-13.1.0\lib\ltex-ls-15.2.0\jdk-11.0.12+7\bin\net.dll
0x00007ffc3a730000 - 0x00007ffc3a83a000 	C:\Windows\SYSTEM32\WINHTTP.dll
0x00007ffc3f3f0000 - 0x00007ffc3f45a000 	C:\Windows\system32\mswsock.dll
0x00007ffbdfbc0000 - 0x00007ffbdfbd2000 	C:\Users\metivier\.vscode\extensions\valentjn.vscode-ltex-13.1.0\lib\ltex-ls-15.2.0\jdk-11.0.12+7\bin\nio.dll
0x0000000069ac0000 - 0x0000000069ae4000 	C:\Users\metivier\AppData\Local\Temp\jansi-2.4.0-5f20174fb857e1d3-jansi.dll

dbghelp: loaded successfully - version: 4.0.5 - missing functions: none
symbol engine: initialized successfully - sym options: 0x614 - pdb path: .;c:\Users\metivier\.vscode\extensions\valentjn.vscode-ltex-13.1.0\lib\ltex-ls-15.2.0\jdk-11.0.12+7\bin;C:\Windows\SYSTEM32;C:\Windows\WinSxS\amd64_microsoft.windows.common-controls_6595b64144ccf1df_6.0.19041.3636_none_60b6a03d71f818d5;C:\Windows\system32\tmumh\20019\AddOn\8.55.0.1129;C:\Windows\system32\tmumh\20019\TmMon\2.9.0.1048;c:\Users\metivier\.vscode\extensions\valentjn.vscode-ltex-13.1.0\lib\ltex-ls-15.2.0\jdk-11.0.12+7\bin\server;C:\Users\metivier\AppData\Local\Temp

VM Arguments:
jvm_args: -Xms64m -Xmx512m -Dapp.name=ltex-ls -Dapp.repo=c:\Users\metivier\.vscode\extensions\valentjn.vscode-ltex-13.1.0\lib\ltex-ls-15.2.0\lib -Dapp.home=c:\Users\metivier\.vscode\extensions\valentjn.vscode-ltex-13.1.0\lib\ltex-ls-15.2.0 -Dbasedir=c:\Users\metivier\.vscode\extensions\valentjn.vscode-ltex-13.1.0\lib\ltex-ls-15.2.0 
java_command: org.bsplines.ltexls.LtexLanguageServerLauncher
java_class_path (initial): c:\Users\metivier\.vscode\extensions\valentjn.vscode-ltex-13.1.0\lib\ltex-ls-15.2.0\etc;c:\Users\metivier\.vscode\extensions\valentjn.vscode-ltex-13.1.0\lib\ltex-ls-15.2.0\lib\aho-corasick-double-array-trie-1.2.2.jar;c:\Users\metivier\.vscode\extensions\valentjn.vscode-ltex-13.1.0\lib\ltex-ls-15.2.0\lib\animal-sniffer-annotations-1.17.jar;c:\Users\metivier\.vscode\extensions\valentjn.vscode-ltex-13.1.0\lib\ltex-ls-15.2.0\lib\annotations-12.0.jar;c:\Users\metivier\.vscode\extensions\valentjn.vscode-ltex-13.1.0\lib\ltex-ls-15.2.0\lib\annotations-13.0.jar;c:\Users\metivier\.vscode\extensions\valentjn.vscode-ltex-13.1.0\lib\ltex-ls-15.2.0\lib\annotations-20.1.0.jar;c:\Users\metivier\.vscode\extensions\valentjn.vscode-ltex-13.1.0\lib\ltex-ls-15.2.0\lib\annotations-4.1.1.4.jar;c:\Users\metivier\.vscode\extensions\valentjn.vscode-ltex-13.1.0\lib\ltex-ls-15.2.0\lib\bridj-0.7.0.jar;c:\Users\metivier\.vscode\extensions\valentjn.vscode-ltex-13.1.0\lib\ltex-ls-15.2.0\lib\catalan-pos-dict-2.16.jar;c:\Users\metivier\.vscode\extensions\valentjn.vscode-ltex-13.1.0\lib\ltex-ls-15.2.0\lib\checker-qual-2.5.2.jar;c:\Users\metivier\.vscode\extensions\valentjn.vscode-ltex-13.1.0\lib\ltex-ls-15.2.0\lib\checker-qual-3.5.0.jar;c:\Users\metivier\.vscode\extensions\valentjn.vscode-ltex-13.1.0\lib\ltex-ls-15.2.0\lib\cjftransform-1.0.1.jar;c:\Users\metivier\.vscode\extensions\valentjn.vscode-ltex-13.1.0\lib\ltex-ls-15.2.0\lib\commons-lang3-3.11.jar;c:\Users\metivier\.vscode\extensions\valentjn.vscode-ltex-13.1.0\lib\ltex-ls-15.2.0\lib\commons-logging-1.2.jar;c:\Users\metivier\.vscode\extensions\valentjn.vscode-ltex-13.1.0\lib\ltex-ls-15.2.0\lib\commons-pool2-2.9.0.jar;c:\Users\metivier\.vscode\extensions\valentjn.vscode-ltex-13.1.0\lib\ltex-ls-15.2.0\lib\commons-text-1.9.jar;c:\Users\metivier\.vscode\extensions\valentjn.vscode-ltex-13.1.0\lib\ltex-ls-15.2.0\lib\dx-1.7.jar;c:\Users\metivier\.vscode\extensions\valentjn.vscode-ltex-13.1.0\lib\ltex-ls-15.2.0\lib\emoji-j
Launcher Type: SUN_STANDARD

[Global flags]
     intx CICompilerCount                          = 12                                        {product} {ergonomic}
     uint ConcGCThreads                            = 4                                         {product} {ergonomic}
     uint G1ConcRefinementThreads                  = 15                                        {product} {ergonomic}
   size_t G1HeapRegionSize                         = 1048576                                   {product} {ergonomic}
    uintx GCDrainStackTargetSize                   = 64                                        {product} {ergonomic}
   size_t InitialHeapSize                          = 67108864                                  {product} {command line}
   size_t MarkStackSize                            = 4194304                                   {product} {ergonomic}
   size_t MaxHeapSize                              = 536870912                                 {product} {command line}
   size_t MaxNewSize                               = 321912832                                 {product} {ergonomic}
   size_t MinHeapDeltaBytes                        = 1048576                                   {product} {ergonomic}
    uintx NonNMethodCodeHeapSize                   = 7594288                                {pd product} {ergonomic}
    uintx NonProfiledCodeHeapSize                  = 122031976                              {pd product} {ergonomic}
    uintx ProfiledCodeHeapSize                     = 122031976                              {pd product} {ergonomic}
    uintx ReservedCodeCacheSize                    = 251658240                              {pd product} {ergonomic}
     bool SegmentedCodeCache                       = true                                      {product} {ergonomic}
     bool UseCompressedClassPointers               = true                                 {lp64_product} {ergonomic}
     bool UseCompressedOops                        = true                                 {lp64_product} {ergonomic}
     bool UseG1GC                                  = true                                      {product} {ergonomic}
     bool UseLargePagesIndividualAllocation        = false                                  {pd product} {ergonomic}

Logging:
Log output configuration:
 #0: stdout all=warning uptime,level,tags
 #1: stderr all=off uptime,level,tags

Environment Variables:
JAVA_HOME=c:\Users\metivier\.vscode\extensions\valentjn.vscode-ltex-13.1.0\lib\ltex-ls-15.2.0\jdk-11.0.12+7
CLASSPATH="c:\Users\metivier\.vscode\extensions\valentjn.vscode-ltex-13.1.0\lib\ltex-ls-15.2.0"\etc;"c:\Users\metivier\.vscode\extensions\valentjn.vscode-ltex-13.1.0\lib\ltex-ls-15.2.0\lib"\*
PATH=C:\Windows\system32;C:\Windows;C:\Windows\System32\Wbem;C:\Windows\System32\WindowsPowerShell\v1.0\;C:\Windows\System32\OpenSSH\;C:\Program Files (x86)\NVIDIA Corporation\PhysX\Common;C:\Program Files\PuTTY\;C:\Program Files\dotnet\;C:\Strawberry\c\bin;C:\Strawberry\perl\site\bin;C:\Strawberry\perl\bin;C:\Program Files (x86)\wapt;C:\Program Files\Docker\Docker\resources\bin;C:\Program Files\Git\cmd;C:\Program Files\MATLAB\R2021a\runtime\win64;C:\Program Files\MATLAB\R2021a\bin;C:\Program Files\Wolfram Research\WolframScript\;C:\Users\metivier\anaconda3;C:\Users\metivier\AppData\Local\Programs\Quarto\bin;C:\Users\metivier\AppData\Local\Microsoft\WindowsApps;C:\Users\metivier\AppData\Local\Programs\Microsoft VS Code\bin;C:\Program Files\Inkscape\bin;C:\Users\metivier\AppData\Local\GitHubDesktop\bin;C:\Users\metivier\AppData\Local\Programs\MiKTeX\miktex\bin\x64\;C:\msys64\mingw64\bin;C:\Users\metivier\AppData\Local\Pandoc\
USERNAME=metivier
OS=Windows_NT
PROCESSOR_IDENTIFIER=Intel64 Family 6 Model 154 Stepping 3, GenuineIntel



---------------  S Y S T E M  ---------------

OS: Windows 10 , 64 bit Build 19041 (10.0.19041.3636)
OS uptime: 2 days 1:45 hours
Hyper-V role detected

CPU:total 20 (initial active 20) (10 cores per cpu, 2 threads per core) family 6 model 154 stepping 3 microcode 0x429, cmov, cx8, fxsr, mmx, sse, sse2, sse3, ssse3, sse4.1, sse4.2, popcnt, avx, avx2, aes, clmul, erms, 3dnowpref, lzcnt, ht, tsc, tscinvbit, bmi1, bmi2, adx, sha, fma

Memory: 4k page, system-wide physical 16068M (323M free)
TotalPageFile size 65220M (AvailPageFile size 12M)
current process WorkingSet (physical memory assigned to process): 298M, peak: 298M
current process commit charge ("private bytes"): 359M, peak: 359M

vm_info: OpenJDK 64-Bit Server VM (11.0.12+7) for windows-amd64 JRE (11.0.12+7), built on Jul 21 2021 16:23:49 by "" with unknown MS VC++:1916

END.
